Build started 11/28/2014 1:52:27 PM.
     1>Project "I:\nick\Documents\VisualStudio\CudaNeuralNetwork\CudaNeuralNetwork\CudaNeuralNetwork.vcxproj" on node 2 (Build target(s)).
     1>ClCompile:
         C:\Program Files (x86)\Microsoft Visual Studio 12.0\VC\bin\CL.exe /c /I"I:\Libraries\SFML-2.1_vis_studio\src\include" /I"C:\Program Files\NVIDIA GPU Computing Toolkit\CUDA\v6.5\include" /Zi /nologo /W0 /WX- /O2 /Oi /Oy- /GL /D WIN32 /D NDEBUG /D _CONSOLE /D _MBCS /Gm- /EHsc /MD /GS /Gy /fp:precise /Zc:wchar_t /Zc:forScope /Fo"Release\\" /Fd"Release\vc120.pdb" /Gd /TP /analyze- /errorReport:prompt Game.cpp
         Game.cpp
       Link:
         C:\Program Files (x86)\Microsoft Visual Studio 12.0\VC\bin\link.exe /ERRORREPORT:PROMPT /OUT:"I:\nick\Documents\VisualStudio\CudaNeuralNetwork\Release\CudaNeuralNetwork.exe" /NOLOGO /LIBPATH:"I:\Libraries\SFML-2.1_vis_studio\lib\Release" /LIBPATH:"C:\Program Files\NVIDIA GPU Computing Toolkit\CUDA\v6.5\lib\Win32" "sfml-graphics.lib" "sfml-window.lib" "sfml-system.lib" cudart.lib kernel32.lib user32.lib gdi32.lib winspool.lib comdlg32.lib advapi32.lib shell32.lib ole32.lib oleaut32.lib uuid.lib odbc32.lib odbccp32.lib kernel32.lib user32.lib gdi32.lib winspool.lib comdlg32.lib advapi32.lib shell32.lib ole32.lib oleaut32.lib uuid.lib odbc32.lib odbccp32.lib /MANIFEST /MANIFESTUAC:"level='asInvoker' uiAccess='false'" /manifest:embed /DEBUG /PDB:"I:\nick\Documents\VisualStudio\CudaNeuralNetwork\Release\CudaNeuralNetwork.pdb" /SUBSYSTEM:CONSOLE /OPT:REF /OPT:ICF /LTCG /TLBID:1 /DYNAMICBASE /NXCOMPAT /IMPLIB:"I:\nick\Documents\VisualStudio\CudaNeuralNetwork\Release\CudaNeuralNetwork.lib" /MACHINE:X86 /SAFESEH Release\PrepareForNN.cu.obj
         Release\NeuralNetKernel.cu.obj
         Release\UpdatePositions.cu.obj
         Release\Game.obj
         Release\GenAlg.obj
         Release\main.obj
         Release\TextureMap.obj
         Generating code
         Finished generating code
         CudaNeuralNetwork.vcxproj -> I:\nick\Documents\VisualStudio\CudaNeuralNetwork\Release\CudaNeuralNetwork.exe
       PostBuildEvent:
         echo copy "C:\Program Files\NVIDIA GPU Computing Toolkit\CUDA\v6.5\bin\cudart*.dll" "I:\nick\Documents\VisualStudio\CudaNeuralNetwork\Release\"
         copy "C:\Program Files\NVIDIA GPU Computing Toolkit\CUDA\v6.5\bin\cudart*.dll" "I:\nick\Documents\VisualStudio\CudaNeuralNetwork\Release\"
         :VCEnd
         copy "C:\Program Files\NVIDIA GPU Computing Toolkit\CUDA\v6.5\bin\cudart*.dll" "I:\nick\Documents\VisualStudio\CudaNeuralNetwork\Release\"
         C:\Program Files\NVIDIA GPU Computing Toolkit\CUDA\v6.5\bin\cudart32_65.dll
         C:\Program Files\NVIDIA GPU Computing Toolkit\CUDA\v6.5\bin\cudart64_65.dll
                 2 file(s) copied.
     1>Done Building Project "I:\nick\Documents\VisualStudio\CudaNeuralNetwork\CudaNeuralNetwork\CudaNeuralNetwork.vcxproj" (Build target(s)).

Build succeeded.

Time Elapsed 00:00:01.85
